#
# A fatal error has been detected by the Java Runtime Environment:
#
#  SIGILL (0x4) at pc=0x00007fff22fdeadc, pid=20982, tid=0x0000000000000307
#
# JRE version: Java(TM) SE Runtime Environment (8.0_151-b12) (build 1.8.0_151-b12)
# Java VM: Java HotSpot(TM) 64-Bit Server VM (25.151-b12 mixed mode bsd-amd64 compressed oops)
# Problematic frame:
# C  [AppKit+0x3eaadc]  -[NSApplication _crashOnException:]+0x15b
#
# Failed to write core dump. Core dumps have been disabled. To enable core dumping, try "ulimit -c unlimited" before starting Java again
#
# If you would like to submit a bug report, please visit:
#   http://bugreport.java.com/bugreport/crash.jsp
# The crash happened outside the Java Virtual Machine in native code.
# See problematic frame for where to report the bug.
#

---------------  T H R E A D  ---------------

Current thread (0x00007fa539156800):  JavaThread "AppKit Thread" daemon [_thread_in_native, id=775, stack(0x00007ffeeab0e000,0x00007ffeeb30e000)]

siginfo: si_signo: 4 (SIGILL), si_code: 1 (ILL_ILLOPC), si_addr: 0x00007fff22fdeadc

Registers:
RAX=0x00007fa5384f7200, RBX=0x00007fff201bfd00, RCX=0x77993f666ac500d7, RDX=0xffffffffffffff01
RSP=0x00007ffeeb307e70, RBP=0x00007ffeeb307ea0, RSI=0x0000000000000e8f, RDI=0x00007ffeeb307a10
R8 =0x0000000000000000, R9 =0x00007fa5384f6201, R10=0x00007ffeeb307978, R11=0x0000000000000fff
R12=0x00007fa53800a068, R13=0x00007fa5377b7240, R14=0x00007fa5376588d0, R15=0x00007fff7c53aaef
RIP=0x00007fff22fdeadc, EFLAGS=0x0000000000010202, ERR=0x0000000000000000
  TRAPNO=0x0000000000000006

Top of Stack: (sp=0x00007ffeeb307e70)
0x00007ffeeb307e70:   3767bae008420102 407e000000007fa5
0x00007ffeeb307e80:   0000000040b328ab 00007fa537658960
0x00007ffeeb307e90:   00007fa5377b7310 00007fa5377b7240
0x00007ffeeb307ea0:   00007ffeeb307fe0 00007fff22db7bea
0x00007ffeeb307eb0:   00007fff201bfd00 00007fa5377b6f90
0x00007ffeeb307ec0:   00007ffeeb307f20 00007fff22c4e91a
0x00007ffeeb307ed0:   00007fa53b982eb0 00007fa53766ebf0
0x00007ffeeb307ee0:   00007ffeeb307f20 00007fff22c4e7ab
0x00007ffeeb307ef0:   77993f666ac500d7 00007fa5377b6f90
0x00007ffeeb307f00:   00007fa53b9819f0 00000000000000a8
0x00007ffeeb307f10:   000000000000001d 00007fa53b982eb0
0x00007ffeeb307f20:   0000000000000008 0000000000000002
0x00007ffeeb307f30:   0000000104915a00 0000000000000002
0x00007ffeeb307f40:   00007fa53ba00000 0000000000000009
0x00007ffeeb307f50:   0000000104915a00 0000000000000009
0x00007ffeeb307f60:   0000000000000030 00007fa53ba41130
0x00007ffeeb307f70:   00007ffeeb307ff0 00007fff2014e7aa
0x00007ffeeb307f80:   00007fa53ba410c0 0000000000000000
0x00007ffeeb307f90:   00007fa53ba41160 0000000600000000
0x00007ffeeb307fa0:   0000000000000003 00007fa53ba41130
0x00007ffeeb307fb0:   77993f666ac500d7 00007fa5377b72e0
0x00007ffeeb307fc0:   00007fa53800a068 00007fa5377b7240
0x00007ffeeb307fd0:   0000000000000002 00007fa5377b7240
0x00007ffeeb307fe0:   00007ffeeb308010 00007fff23501d0e
0x00007ffeeb307ff0:   00007fa5377b72e0 00007fff2041b267
0x00007ffeeb308000:   0000000000000002 0000000000000000
0x00007ffeeb308010:   00007ffeeb308020 00007fff2041ad9d
0x00007ffeeb308020:   00007ffeeb3080e0 00007fff2041ac2d
0x00007ffeeb308030:   00007fa5377b7240 0000000000000020
0x00007ffeeb308040:   00007fff884b9fc8 00007fff2041aac2
0x00007ffeeb308050:   00007fa537507090 0000000500002d8a
0x00007ffeeb308060:   00007ffeeb308050 00007ffeeb308030 

Instructions: (pc=0x00007fff22fdeadc)
0x00007fff22fdeabc:   48 89 c7 ff 15 43 cb 54 5d 48 8b 35 dc a9 b8 65
0x00007fff22fdeacc:   48 89 c7 ff 15 33 cb 54 5d 48 89 05 c4 89 be 65
0x00007fff22fdeadc:   0f 0b 48 89 c7 e8 4a 7b 7a 00 31 ff 31 f6 31 c0
0x00007fff22fdeaec:   e8 63 19 e2 ff e8 6a 7b 7a 00 0f 0b 48 89 c3 e8 

Register to memory mapping:

RAX=0x00007fa5384f7200 is an unknown value
RBX=0x00007fff201bfd00: objc_msgSend+0 in /usr/lib/libobjc.A.dylib at 0x00007fff201ba000
RCX=0x77993f666ac500d7 is an unknown value
RDX=0xffffffffffffff01 is an unknown value
RSP=0x00007ffeeb307e70 is pointing into the stack for thread: 0x00007fa539156800
RBP=0x00007ffeeb307ea0 is pointing into the stack for thread: 0x00007fa539156800
RSI=0x0000000000000e8f is an unknown value
RDI=0x00007ffeeb307a10 is pointing into the stack for thread: 0x00007fa539156800
R8 =0x0000000000000000 is an unknown value
R9 =0x00007fa5384f6201 is an unknown value
R10=0x00007ffeeb307978 is pointing into the stack for thread: 0x00007fa539156800
R11=0x0000000000000fff is an unknown value
R12=0x00007fa53800a068 is an unknown value
R13=0x00007fa5377b7240 is an unknown value
R14=0x00007fa5376588d0 is an unknown value
R15=0x00007fff7c53aaef: GCC_except_table772+0x5c34c22b in /usr/lib/libobjc.A.dylib at 0x00007fff201ba000


Stack: [0x00007ffeeab0e000,0x00007ffeeb30e000],  sp=0x00007ffeeb307e70,  free space=8167k
Native frames: (J=compiled Java code, j=interpreted, Vv=VM code, C=native code)
C  [AppKit+0x3eaadc]  -[NSApplication _crashOnException:]+0x15b
C  [AppKit+0x1c3bea]  __62+[CATransaction(NSCATransaction) NS_setFlushesWithDisplayLink]_block_invoke+0x33c
C  [AppKit+0x90dd0e]  ___NSRunLoopObserverCreateWithHandler_block_invoke+0x29
C  [CoreFoundation+0x80d9d]  __CFRUNLOOP_IS_CALLING_OUT_TO_AN_OBSERVER_CALLBACK_FUNCTION__+0x17
C  [CoreFoundation+0x80c2d]  __CFRunLoopDoObservers+0x225
C  [CoreFoundation+0x800dd]  __CFRunLoopRun+0x346
C  [CoreFoundation+0x7f6be]  CFRunLoopRunSpecific+0x233
C  [HIToolbox+0x30fd0]  RunCurrentEventLoopInMode+0x124
C  [HIToolbox+0x30dcc]  ReceiveNextEventCommon+0x2c5
C  [HIToolbox+0x30aef]  _BlockUntilNextEventMatchingListInModeWithFilter+0x40
C  [AppKit+0x3ef85]  _DPSNextEvent+0x373
C  [AppKit+0x3d74b]  -[NSApplication(NSEvent) _nextEventMatchingEventMask:untilDate:inMode:dequeue:]+0x556
C  [libosxapp.dylib+0x23aa]  -[NSApplicationAWT nextEventMatchingMask:untilDate:inMode:dequeue:]+0x7c
C  [AppKit+0x2fbda]  -[NSApplication run]+0x24a
C  [libosxapp.dylib+0x214d]  +[NSApplicationAWT runAWTLoopWithApp:]+0x9c
C  [libawt_lwawt.dylib+0x45edf]  -[AWTStarter starter:]+0x389
C  [Foundation+0x804d9]  __NSThreadPerformPerform+0xcc
C  [CoreFoundation+0x819fc]  __CFRUNLOOP_IS_CALLING_OUT_TO_A_SOURCE0_PERFORM_FUNCTION__+0x11
C  [CoreFoundation+0x81964]  __CFRunLoopDoSource0+0xb4
C  [CoreFoundation+0x816df]  __CFRunLoopDoSources0+0xf8
C  [CoreFoundation+0x80111]  __CFRunLoopRun+0x37a
C  [CoreFoundation+0x7f6be]  CFRunLoopRunSpecific+0x233
C  [java+0x6465]  CreateExecutionEnvironment+0x367
C  [java+0x218c]  JLI_Launch+0x7a0
C  [java+0x84c2]  main+0x65
C  [java+0x19e4]  start+0x34
C  0x0000000000000005


---------------  P R O C E S S  ---------------

Java Threads: ( => current thread )
  0x00007fa53818c000 JavaThread "DestroyJavaVM" [_thread_blocked, id=4099, stack(0x000070000120e000,0x000070000130e000)]
  0x00007fa538ada800 JavaThread "jME3 Main" [_thread_in_vm, id=56383, stack(0x0000700002a5f000,0x0000700002b5f000)]
  0x00007fa538467800 JavaThread "TimerQueue" daemon [_thread_blocked, id=1567, stack(0x00007000028d9000,0x00007000029d9000)]
  0x00007fa538298000 JavaThread "Image Fetcher 0" daemon [_thread_blocked, id=54295, stack(0x00007000027d6000,0x00007000028d6000)]
  0x00007fa5382ec000 JavaThread "Timer-0" daemon [_thread_blocked, id=54031, stack(0x00007000026d3000,0x00007000027d3000)]
  0x00007fa5391a7000 JavaThread "Java2D Disposer" daemon [_thread_blocked, id=51975, stack(0x00007000025d0000,0x00007000026d0000)]
  0x00007fa538933800 JavaThread "Java2D Queue Flusher" daemon [_thread_blocked, id=47123, stack(0x00007000024cd000,0x00007000025cd000)]
  0x00007fa53919b000 JavaThread "AWT-EventQueue-0" [_thread_blocked, id=29963, stack(0x00007000023ca000,0x00007000024ca000)]
  0x00007fa538943800 JavaThread "AWT-Shutdown" [_thread_blocked, id=38683, stack(0x0000700002244000,0x0000700002344000)]
=>0x00007fa539156800 JavaThread "AppKit Thread" daemon [_thread_in_native, id=775, stack(0x00007ffeeab0e000,0x00007ffeeb30e000)]
  0x00007fa53902e000 JavaThread "Service Thread" daemon [_thread_blocked, id=13571, stack(0x0000700001f38000,0x0000700002038000)]
  0x00007fa538042000 JavaThread "C1 CompilerThread2" daemon [_thread_blocked, id=13059, stack(0x0000700001e35000,0x0000700001f35000)]
  0x00007fa538041000 JavaThread "C2 CompilerThread1" daemon [_thread_blocked, id=16643, stack(0x0000700001d32000,0x0000700001e32000)]
  0x00007fa53803f800 JavaThread "C2 CompilerThread0" daemon [_thread_blocked, id=17155, stack(0x0000700001c2f000,0x0000700001d2f000)]
  0x00007fa53881e000 JavaThread "Signal Dispatcher" daemon [_thread_blocked, id=17411, stack(0x0000700001b2c000,0x0000700001c2c000)]
  0x00007fa53783f800 JavaThread "Finalizer" daemon [_thread_blocked, id=20227, stack(0x0000700001923000,0x0000700001a23000)]
  0x00007fa538028000 JavaThread "Reference Handler" daemon [_thread_blocked, id=20739, stack(0x0000700001820000,0x0000700001920000)]

Other Threads:
  0x00007fa538023000 VMThread [stack: 0x000070000171d000,0x000070000181d000] [id=21251]
  0x00007fa538042800 WatcherThread [stack: 0x000070000203b000,0x000070000213b000] [id=14083]

VM state:not at safepoint (normal execution)

VM Mutex/Monitor currently owned by a thread: None

Heap:
 PSYoungGen      total 18944K, used 5989K [0x00000007aab00000, 0x00000007ac000000, 0x00000007c0000000)
  eden space 16384K, 36% used [0x00000007aab00000,0x00000007ab0d9470,0x00000007abb00000)
  from space 2560K, 0% used [0x00000007abd80000,0x00000007abd80000,0x00000007ac000000)
  to   space 2560K, 0% used [0x00000007abb00000,0x00000007abb00000,0x00000007abd80000)
 ParOldGen       total 44032K, used 4319K [0x0000000780000000, 0x0000000782b00000, 0x00000007aab00000)
  object space 44032K, 9% used [0x0000000780000000,0x0000000780437c28,0x0000000782b00000)
 Metaspace       used 14800K, capacity 15071K, committed 15360K, reserved 1062912K
  class space    used 1873K, capacity 1957K, committed 2048K, reserved 1048576K

Card table byte_map: [0x0000000104d77000,0x0000000104f78000] byte_map_base: 0x0000000101177000

Marking Bits: (ParMarkBitMap*) 0x00000001078f35d0
 Begin Bits: [0x0000000117909000, 0x0000000118909000)
 End Bits:   [0x0000000118909000, 0x0000000119909000)

Polling page: 0x0000000104964000

CodeCache: size=245760Kb used=3328Kb max_used=3328Kb free=242432Kb
 bounds [0x0000000108909000, 0x0000000108c59000, 0x0000000117909000]
 total_blobs=1479 nmethods=913 adapters=480
 compilation: enabled

Compilation events (10 events):
Event: 5.106 Thread 0x00007fa538042000  906       3       sun.reflect.ReflectionFactory::checkInitted (19 bytes)
Event: 5.107 Thread 0x00007fa538042000 nmethod 906 0x0000000108c47050 code [0x0000000108c471e0, 0x0000000108c474a8]
Event: 5.111 Thread 0x00007fa538042000  907       3       java.lang.Short::valueOf (33 bytes)
Event: 5.111 Thread 0x00007fa538042000 nmethod 907 0x0000000108c47990 code [0x0000000108c47b20, 0x0000000108c47e70]
Event: 5.111 Thread 0x00007fa538042000  908       3       java.lang.Short::hashCode (8 bytes)
Event: 5.111 Thread 0x00007fa538042000 nmethod 908 0x0000000108c48050 code [0x0000000108c481c0, 0x0000000108c48370]
Event: 5.112 Thread 0x00007fa538042000  909       3       java.nio.Buffer::remaining (10 bytes)
Event: 5.112 Thread 0x00007fa538042000 nmethod 909 0x0000000108c48410 code [0x0000000108c48560, 0x0000000108c486b0]
Event: 5.115 Thread 0x00007fa538042000  910   !   3       java.util.Collections$SynchronizedCollection::add (25 bytes)
Event: 5.115 Thread 0x00007fa538042000 nmethod 910 0x0000000108c48710 code [0x0000000108c48880, 0x0000000108c48c48]

GC Heap History (8 events):
Event: 4.848 GC heap before
{Heap before GC invocations=1 (full 0):
 PSYoungGen      total 18944K, used 14177K [0x00000007aab00000, 0x00000007ac000000, 0x00000007c0000000)
  eden space 16384K, 86% used [0x00000007aab00000,0x00000007ab8d8498,0x00000007abb00000)
  from space 2560K, 0% used [0x00000007abd80000,0x00000007abd80000,0x00000007ac000000)
  to   space 2560K, 0% used [0x00000007abb00000,0x00000007abb00000,0x00000007abd80000)
 ParOldGen       total 44032K, used 0K [0x0000000780000000, 0x0000000782b00000, 0x00000007aab00000)
  object space 44032K, 0% used [0x0000000780000000,0x0000000780000000,0x0000000782b00000)
 Metaspace       used 13234K, capacity 13532K, committed 13696K, reserved 1060864K
  class space    used 1736K, capacity 1861K, committed 1920K, reserved 1048576K
Event: 4.858 GC heap after
Heap after GC invocations=1 (full 0):
 PSYoungGen      total 18944K, used 2528K [0x00000007aab00000, 0x00000007ac000000, 0x00000007c0000000)
  eden space 16384K, 0% used [0x00000007aab00000,0x00000007aab00000,0x00000007abb00000)
  from space 2560K, 98% used [0x00000007abb00000,0x00000007abd78030,0x00000007abd80000)
  to   space 2560K, 0% used [0x00000007abd80000,0x00000007abd80000,0x00000007ac000000)
 ParOldGen       total 44032K, used 1889K [0x0000000780000000, 0x0000000782b00000, 0x00000007aab00000)
  object space 44032K, 4% used [0x0000000780000000,0x00000007801d85d8,0x0000000782b00000)
 Metaspace       used 13234K, capacity 13532K, committed 13696K, reserved 1060864K
  class space    used 1736K, capacity 1861K, committed 1920K, reserved 1048576K
}
Event: 4.858 GC heap before
{Heap before GC invocations=2 (full 1):
 PSYoungGen      total 18944K, used 2528K [0x00000007aab00000, 0x00000007ac000000, 0x00000007c0000000)
  eden space 16384K, 0% used [0x00000007aab00000,0x00000007aab00000,0x00000007abb00000)
  from space 2560K, 98% used [0x00000007abb00000,0x00000007abd78030,0x00000007abd80000)
  to   space 2560K, 0% used [0x00000007abd80000,0x00000007abd80000,0x00000007ac000000)
 ParOldGen       total 44032K, used 1889K [0x0000000780000000, 0x0000000782b00000, 0x00000007aab00000)
  object space 44032K, 4% used [0x0000000780000000,0x00000007801d85d8,0x0000000782b00000)
 Metaspace       used 13234K, capacity 13532K, committed 13696K, reserved 1060864K
  class space    used 1736K, capacity 1861K, committed 1920K, reserved 1048576K
Event: 4.891 GC heap after
Heap after GC invocations=2 (full 1):
 PSYoungGen      total 18944K, used 0K [0x00000007aab00000, 0x00000007ac000000, 0x00000007c0000000)
  eden space 16384K, 0% used [0x00000007aab00000,0x00000007aab00000,0x00000007abb00000)
  from space 2560K, 0% used [0x00000007abb00000,0x00000007abb00000,0x00000007abd80000)
  to   space 2560K, 0% used [0x00000007abd80000,0x00000007abd80000,0x00000007ac000000)
 ParOldGen       total 44032K, used 4319K [0x0000000780000000, 0x0000000782b00000, 0x00000007aab00000)
  object space 44032K, 9% used [0x0000000780000000,0x0000000780437c28,0x0000000782b00000)
 Metaspace       used 13234K, capacity 13532K, committed 13696K, reserved 1060864K
  class space    used 1736K, capacity 1861K, committed 1920K, reserved 1048576K
}
Event: 4.891 GC heap before
{Heap before GC invocations=3 (full 1):
 PSYoungGen      total 18944K, used 0K [0x00000007aab00000, 0x00000007ac000000, 0x00000007c0000000)
  eden space 16384K, 0% used [0x00000007aab00000,0x00000007aab00000,0x00000007abb00000)
  from space 2560K, 0% used [0x00000007abb00000,0x00000007abb00000,0x00000007abd80000)
  to   space 2560K, 0% used [0x00000007abd80000,0x00000007abd80000,0x00000007ac000000)
 ParOldGen       total 44032K, used 4319K [0x0000000780000000, 0x0000000782b00000, 0x00000007aab00000)
  object space 44032K, 9% used [0x0000000780000000,0x0000000780437c28,0x0000000782b00000)
 Metaspace       used 13234K, capacity 13532K, committed 13696K, reserved 1060864K
  class space    used 1736K, capacity 1861K, committed 1920K, reserved 1048576K
Event: 4.892 GC heap after
Heap after GC invocations=3 (full 1):
 PSYoungGen      total 18944K, used 0K [0x00000007aab00000, 0x00000007ac000000, 0x00000007c0000000)
  eden space 16384K, 0% used [0x00000007aab00000,0x00000007aab00000,0x00000007abb00000)
  from space 2560K, 0% used [0x00000007abd80000,0x00000007abd80000,0x00000007ac000000)
  to   space 2560K, 0% used [0x00000007abb00000,0x00000007abb00000,0x00000007abd80000)
 ParOldGen       total 44032K, used 4319K [0x0000000780000000, 0x0000000782b00000, 0x00000007aab00000)
  object space 44032K, 9% used [0x0000000780000000,0x0000000780437c28,0x0000000782b00000)
 Metaspace       used 13234K, capacity 13532K, committed 13696K, reserved 1060864K
  class space    used 1736K, capacity 1861K, committed 1920K, reserved 1048576K
}
Event: 4.892 GC heap before
{Heap before GC invocations=4 (full 2):
 PSYoungGen      total 18944K, used 0K [0x00000007aab00000, 0x00000007ac000000, 0x00000007c0000000)
  eden space 16384K, 0% used [0x00000007aab00000,0x00000007aab00000,0x00000007abb00000)
  from space 2560K, 0% used [0x00000007abd80000,0x00000007abd80000,0x00000007ac000000)
  to   space 2560K, 0% used [0x00000007abb00000,0x00000007abb00000,0x00000007abd80000)
 ParOldGen       total 44032K, used 4319K [0x0000000780000000, 0x0000000782b00000, 0x00000007aab00000)
  object space 44032K, 9% used [0x0000000780000000,0x0000000780437c28,0x0000000782b00000)
 Metaspace       used 13234K, capacity 13532K, committed 13696K, reserved 1060864K
  class space    used 1736K, capacity 1861K, committed 1920K, reserved 1048576K
Event: 4.907 GC heap after
Heap after GC invocations=4 (full 2):
 PSYoungGen      total 18944K, used 0K [0x00000007aab00000, 0x00000007ac000000, 0x00000007c0000000)
  eden space 16384K, 0% used [0x00000007aab00000,0x00000007aab00000,0x00000007abb00000)
  from space 2560K, 0% used [0x00000007abd80000,0x00000007abd80000,0x00000007ac000000)
  to   space 2560K, 0% used [0x00000007abb00000,0x00000007abb00000,0x00000007abd80000)
 ParOldGen       total 44032K, used 4319K [0x0000000780000000, 0x0000000782b00000, 0x00000007aab00000)
  object space 44032K, 9% used [0x0000000780000000,0x0000000780437c28,0x0000000782b00000)
 Metaspace       used 13234K, capacity 13532K, committed 13696K, reserved 1060864K
  class space    used 1736K, capacity 1861K, committed 1920K, reserved 1048576K
}

Deoptimization events (4 events):
Event: 0.211 Thread 0x00007fa537816800 Uncommon trap: reason=unstable_if action=reinterpret pc=0x0000000108a2ce18 method=java.lang.String.hashCode()I @ 14
Event: 0.226 Thread 0x00007fa537816800 Uncommon trap: reason=unstable_if action=reinterpret pc=0x0000000108a2d6b8 method=java.lang.String.indexOf(II)I @ 49
Event: 1.204 Thread 0x00007fa53919b000 Uncommon trap: reason=unstable_if action=reinterpret pc=0x0000000108ad2ac4 method=java.lang.String.startsWith(Ljava/lang/String;I)Z @ 25
Event: 4.959 Thread 0x00007fa537816800 Uncommon trap: reason=unstable_if action=reinterpret pc=0x0000000108b87c00 method=java.lang.String.replace(CC)Ljava/lang/String; @ 26

Internal exceptions (10 events):
Event: 0.269 Thread 0x00007fa537816800 Exception <a 'java/security/PrivilegedActionException'> (0x00000007aad6a210) thrown at [/Users/java_re/workspace/8-2-build-macosx-x86_64/jdk8u151/9699/hotspot/src/share/vm/prims/jvm.cpp, line 1390]
Event: 0.269 Thread 0x00007fa537816800 Exception <a 'java/security/PrivilegedActionException'> (0x00000007aad6a420) thrown at [/Users/java_re/workspace/8-2-build-macosx-x86_64/jdk8u151/9699/hotspot/src/share/vm/prims/jvm.cpp, line 1390]
Event: 0.270 Thread 0x00007fa537816800 Exception <a 'java/security/PrivilegedActionException'> (0x00000007aad6d750) thrown at [/Users/java_re/workspace/8-2-build-macosx-x86_64/jdk8u151/9699/hotspot/src/share/vm/prims/jvm.cpp, line 1390]
Event: 0.270 Thread 0x00007fa537816800 Exception <a 'java/security/PrivilegedActionException'> (0x00000007aad6d960) thrown at [/Users/java_re/workspace/8-2-build-macosx-x86_64/jdk8u151/9699/hotspot/src/share/vm/prims/jvm.cpp, line 1390]
Event: 0.426 Thread 0x00007fa537816800 Exception <a 'java/lang/NoSuchFieldError': method resolution failed> (0x00000007aaff2f90) thrown at [/Users/java_re/workspace/8-2-build-macosx-x86_64/jdk8u151/9699/hotspot/src/share/vm/prims/methodHandles.cpp, line 1146]
Event: 0.429 Thread 0x00007fa537816800 Exception <a 'java/lang/NoSuchFieldError': method resolution failed> (0x00000007ab0006e0) thrown at [/Users/java_re/workspace/8-2-build-macosx-x86_64/jdk8u151/9699/hotspot/src/share/vm/prims/methodHandles.cpp, line 1146]
Event: 0.815 Thread 0x00007fa537816800 Exception <a 'java/io/FileNotFoundException'> (0x00000007ab07ba00) thrown at [/Users/java_re/workspace/8-2-build-macosx-x86_64/jdk8u151/9699/hotspot/src/share/vm/prims/jni.cpp, line 709]
Event: 0.816 Thread 0x00007fa537816800 Exception <a 'java/io/FileNotFoundException'> (0x00000007ab07c5a8) thrown at [/Users/java_re/workspace/8-2-build-macosx-x86_64/jdk8u151/9699/hotspot/src/share/vm/prims/jni.cpp, line 709]
Event: 0.892 Thread 0x00007fa53919b000 Exception <a 'java/io/FileNotFoundException'> (0x00000007ab157290) thrown at [/Users/java_re/workspace/8-2-build-macosx-x86_64/jdk8u151/9699/hotspot/src/share/vm/prims/jni.cpp, line 709]
Event: 1.222 Thread 0x00007fa53919b000 Exception <a 'java/lang/NoClassDefFoundError'> (0x00000007ab277828) thrown at [/Users/java_re/workspace/8-2-build-macosx-x86_64/jdk8u151/9699/hotspot/src/share/vm/prims/jvm.cpp, line 1394]

Events (10 events):
Event: 5.115 loading class org/lwjgl/opengl/MacOSXContextImplementation
Event: 5.115 loading class org/lwjgl/opengl/MacOSXContextImplementation done
Event: 5.115 loading class org/lwjgl/opengl/GLContext
Event: 5.115 loading class org/lwjgl/opengl/GLContext done
Event: 5.116 loading class java/lang/NumberFormatException
Event: 5.116 loading class java/lang/NumberFormatException done
Event: 5.117 loading class org/lwjgl/opengl/GLContext$CapabilitiesCacheEntry
Event: 5.117 loading class org/lwjgl/opengl/GLContext$CapabilitiesCacheEntry done
Event: 5.132 loading class org/lwjgl/opengl/ContextCapabilities
Event: 5.132 loading class org/lwjgl/opengl/ContextCapabilities done


Dynamic libraries:
0x0000000000016000 	/System/Library/Frameworks/Cocoa.framework/Versions/A/Cocoa
0x0000000000016000 	/System/Library/Frameworks/Security.framework/Versions/A/Security
0x0000000000016000 	/System/Library/Frameworks/ApplicationServices.framework/Versions/A/ApplicationServices
0x0000000000016000 	/usr/lib/libz.1.dylib
0x0000000000016000 	/usr/lib/libSystem.B.dylib
0x0000000000016000 	/usr/lib/libobjc.A.dylib
0x0000000000016000 	/System/Library/Frameworks/CoreFoundation.framework/Versions/A/CoreFoundation
0x0000000000016000 	/System/Library/Frameworks/Foundation.framework/Versions/C/Foundation
0x0000000000016000 	/System/Library/Frameworks/AppKit.framework/Versions/C/AppKit
0x0000000000016000 	/System/Library/Frameworks/CoreData.framework/Versions/A/CoreData
0x0000000000016000 	/System/Library/PrivateFrameworks/UIFoundation.framework/Versions/A/UIFoundation
0x0000000000016000 	/System/Library/PrivateFrameworks/RemoteViewServices.framework/Versions/A/RemoteViewServices
0x0000000000016000 	/System/Library/PrivateFrameworks/XCTTargetBootstrap.framework/Versions/A/XCTTargetBootstrap
0x0000000000016000 	/usr/lib/libspindump.dylib
0x0000000000016000 	/System/Library/Frameworks/UniformTypeIdentifiers.framework/Versions/A/UniformTypeIdentifiers
0x0000000000016000 	/usr/lib/libapp_launch_measurement.dylib
0x0000000000016000 	/System/Library/PrivateFrameworks/CoreAutoLayout.framework/Versions/A/CoreAutoLayout
0x0000000000016000 	/System/Library/Frameworks/Metal.framework/Versions/A/Metal
0x0000000000016000 	/usr/lib/liblangid.dylib
0x0000000000016000 	/System/Library/PrivateFrameworks/CoreSVG.framework/Versions/A/CoreSVG
0x0000000000016000 	/System/Library/PrivateFrameworks/SkyLight.framework/Versions/A/SkyLight
0x0000000000016000 	/System/Library/Frameworks/CoreGraphics.framework/Versions/A/CoreGraphics
0x0000000000016000 	/System/Library/Frameworks/Accelerate.framework/Versions/A/Accelerate
0x0000000000016000 	/System/Library/PrivateFrameworks/IconServices.framework/Versions/A/IconServices
0x0000000000016000 	/System/Library/Frameworks/IOSurface.framework/Versions/A/IOSurface
0x0000000000016000 	/usr/lib/libDiagnosticMessagesClient.dylib
0x0000000000016000 	/System/Library/PrivateFrameworks/DFRFoundation.framework/Versions/A/DFRFoundation
0x0000000000016000 	/usr/lib/libicucore.A.dylib
0x0000000000016000 	/System/Library/Frameworks/AudioToolbox.framework/Versions/A/AudioToolbox
0x0000000000016000 	/System/Library/PrivateFrameworks/DataDetectorsCore.framework/Versions/A/DataDetectorsCore
0x0000000000016000 	/System/Library/Frameworks/Carbon.framework/Versions/A/Frameworks/HIToolbox.framework/Versions/A/HIToolbox
0x0000000000016000 	/System/Library/Frameworks/QuartzCore.framework/Versions/A/QuartzCore
0x0000000000016000 	/System/Library/Frameworks/Carbon.framework/Versions/A/Frameworks/SpeechRecognition.framework/Versions/A/SpeechRecognition
0x0000000000016000 	/System/Library/PrivateFrameworks/CoreUI.framework/Versions/A/CoreUI
0x0000000000016000 	/System/Library/Frameworks/CoreAudio.framework/Versions/A/CoreAudio
0x0000000000016000 	/System/Library/Frameworks/DiskArbitration.framework/Versions/A/DiskArbitration
0x0000000000016000 	/System/Library/PrivateFrameworks/MultitouchSupport.framework/Versions/A/MultitouchSupport
0x0000000000016000 	/System/Library/PrivateFrameworks/InternationalSupport.framework/Versions/A/InternationalSupport
0x0000000000016000 	/usr/lib/libenergytrace.dylib
0x0000000000016000 	/System/Library/Frameworks/IOKit.framework/Versions/A/IOKit
0x0000000000016000 	/System/Library/Frameworks/CoreServices.framework/Versions/A/CoreServices
0x0000000000016000 	/System/Library/PrivateFrameworks/PerformanceAnalysis.framework/Versions/A/PerformanceAnalysis
0x0000000000016000 	/System/Library/Frameworks/OpenGL.framework/Versions/A/OpenGL
0x0000000000016000 	/System/Library/PrivateFrameworks/UserActivity.framework/Versions/A/UserActivity
0x0000000000016000 	/System/Library/Frameworks/ColorSync.framework/Versions/A/ColorSync
0x0000000000016000 	/System/Library/Frameworks/CoreImage.framework/Versions/A/CoreImage
0x0000000000016000 	/System/Library/Frameworks/CoreText.framework/Versions/A/CoreText
0x0000000000016000 	/System/Library/Frameworks/ImageIO.framework/Versions/A/ImageIO
0x0000000000016000 	/System/Library/PrivateFrameworks/SoftLinking.framework/Versions/A/SoftLinking
0x0000000000016000 	/usr/lib/libxml2.2.dylib
0x0000000000016000 	/usr/lib/libc++.1.dylib
0x0000000000016000 	/usr/lib/libcompression.dylib
0x0000000000016000 	/usr/lib/libMobileGestalt.dylib
0x0000000000016000 	/System/Library/PrivateFrameworks/TextureIO.framework/Versions/A/TextureIO
0x0000000000016000 	/usr/lib/libate.dylib
0x0000000000016000 	/usr/lib/system/libcache.dylib
0x0000000000016000 	/usr/lib/system/libcommonCrypto.dylib
0x0000000000016000 	/usr/lib/system/libcompiler_rt.dylib
0x0000000000016000 	/usr/lib/system/libcopyfile.dylib
0x0000000000016000 	/usr/lib/system/libcorecrypto.dylib
0x0000000000016000 	/usr/lib/system/libdispatch.dylib
0x0000000000016000 	/usr/lib/system/libdyld.dylib
0x0000000000016000 	/usr/lib/system/libkeymgr.dylib
0x0000000000016000 	/usr/lib/system/liblaunch.dylib
0x0000000000016000 	/usr/lib/system/libmacho.dylib
0x0000000000016000 	/usr/lib/system/libquarantine.dylib
0x0000000000016000 	/usr/lib/system/libremovefile.dylib
0x0000000000016000 	/usr/lib/system/libsystem_asl.dylib
0x0000000000016000 	/usr/lib/system/libsystem_blocks.dylib
0x0000000000016000 	/usr/lib/system/libsystem_c.dylib
0x0000000000016000 	/usr/lib/system/libsystem_collections.dylib
0x0000000000016000 	/usr/lib/system/libsystem_configuration.dylib
0x0000000000016000 	/usr/lib/system/libsystem_containermanager.dylib
0x0000000000016000 	/usr/lib/system/libsystem_coreservices.dylib
0x0000000000016000 	/usr/lib/system/libsystem_darwin.dylib
0x0000000000016000 	/usr/lib/system/libsystem_dnssd.dylib
0x0000000000016000 	/usr/lib/system/libsystem_featureflags.dylib
0x0000000000016000 	/usr/lib/system/libsystem_info.dylib
0x0000000000016000 	/usr/lib/system/libsystem_m.dylib
0x0000000000016000 	/usr/lib/system/libsystem_malloc.dylib
0x0000000000016000 	/usr/lib/system/libsystem_networkextension.dylib
0x0000000000016000 	/usr/lib/system/libsystem_notify.dylib
0x0000000000016000 	/usr/lib/system/libsystem_product_info_filter.dylib
0x0000000000016000 	/usr/lib/system/libsystem_sandbox.dylib
0x0000000000016000 	/usr/lib/system/libsystem_secinit.dylib
0x0000000000016000 	/usr/lib/system/libsystem_kernel.dylib
0x0000000000016000 	/usr/lib/system/libsystem_platform.dylib
0x0000000000016000 	/usr/lib/system/libsystem_pthread.dylib
0x0000000000016000 	/usr/lib/system/libsystem_symptoms.dylib
0x0000000000016000 	/usr/lib/system/libsystem_trace.dylib
0x0000000000016000 	/usr/lib/system/libunwind.dylib
0x0000000000016000 	/usr/lib/system/libxpc.dylib
0x0000000000016000 	/usr/lib/libc++abi.dylib
0x0000000000016000 	/usr/lib/liboah.dylib
0x0000000000016000 	/usr/lib/liblzma.5.dylib
0x0000000000016000 	/System/Library/Frameworks/SystemConfiguration.framework/Versions/A/SystemConfiguration
0x0000000000016000 	/usr/lib/libfakelink.dylib
0x0000000000016000 	/System/Library/Frameworks/CFNetwork.framework/Versions/A/CFNetwork
0x0000000000016000 	/usr/lib/libarchive.2.dylib
0x0000000000016000 	/usr/lib/libCRFSuite.dylib
0x0000000000016000 	/usr/lib/libbsm.0.dylib
0x0000000000016000 	/usr/lib/libnetwork.dylib
0x0000000000016000 	/usr/lib/libpcap.A.dylib
0x0000000000016000 	/usr/lib/libdns_services.dylib
0x0000000000016000 	/usr/lib/libcoretls_cfhelpers.dylib
0x0000000000016000 	/usr/lib/libapple_nghttp2.dylib
0x0000000000016000 	/usr/lib/system/libkxld.dylib
0x0000000000016000 	/usr/lib/libsqlite3.dylib
0x0000000000016000 	/System/Library/PrivateFrameworks/AppleFSCompression.framework/Versions/A/AppleFSCompression
0x0000000000016000 	/usr/lib/libcoretls.dylib
0x0000000000016000 	/usr/lib/libpam.2.dylib
0x0000000000016000 	/usr/lib/libxar.1.dylib
0x0000000000016000 	/System/Library/PrivateFrameworks/AppleSystemInfo.framework/Versions/A/AppleSystemInfo
0x0000000000016000 	/System/Library/PrivateFrameworks/IOMobileFramebuffer.framework/Versions/A/IOMobileFramebuffer
0x0000000000016000 	/usr/lib/libbz2.1.0.dylib
0x0000000000016000 	/usr/lib/libiconv.2.dylib
0x0000000000016000 	/usr/lib/libcharset.1.dylib
0x0000000000016000 	/System/Library/Frameworks/CoreServices.framework/Versions/A/Frameworks/FSEvents.framework/Versions/A/FSEvents
0x0000000000016000 	/System/Library/Frameworks/CoreServices.framework/Versions/A/Frameworks/CarbonCore.framework/Versions/A/CarbonCore
0x0000000000016000 	/System/Library/Frameworks/CoreServices.framework/Versions/A/Frameworks/Metadata.framework/Versions/A/Metadata
0x0000000000016000 	/System/Library/Frameworks/CoreServices.framework/Versions/A/Frameworks/OSServices.framework/Versions/A/OSServices
0x0000000000016000 	/System/Library/Frameworks/CoreServices.framework/Versions/A/Frameworks/SearchKit.framework/Versions/A/SearchKit
0x0000000000016000 	/System/Library/Frameworks/CoreServices.framework/Versions/A/Frameworks/AE.framework/Versions/A/AE
0x0000000000016000 	/System/Library/Frameworks/CoreServices.framework/Versions/A/Frameworks/LaunchServices.framework/Versions/A/LaunchServices
0x0000000000016000 	/System/Library/Frameworks/CoreServices.framework/Versions/A/Frameworks/DictionaryServices.framework/Versions/A/DictionaryServices
0x0000000000016000 	/System/Library/Frameworks/CoreServices.framework/Versions/A/Frameworks/SharedFileList.framework/Versions/A/SharedFileList
0x0000000000016000 	/usr/lib/libCheckFix.dylib
0x0000000000016000 	/System/Library/PrivateFrameworks/TCC.framework/Versions/A/TCC
0x0000000000016000 	/System/Library/PrivateFrameworks/CoreNLP.framework/Versions/A/CoreNLP
0x0000000000016000 	/System/Library/PrivateFrameworks/MetadataUtilities.framework/Versions/A/MetadataUtilities
0x0000000000016000 	/usr/lib/libmecabra.dylib
0x0000000000016000 	/System/Library/Frameworks/MLCompute.framework/Versions/A/MLCompute
0x0000000000016000 	/usr/lib/libmecab.dylib
0x0000000000016000 	/usr/lib/libgermantok.dylib
0x0000000000016000 	/usr/lib/libThaiTokenizer.dylib
0x0000000000016000 	/usr/lib/libChineseTokenizer.dylib
0x0000000000016000 	/System/Library/Frameworks/MetalPerformanceShaders.framework/Versions/A/MetalPerformanceShaders
0x0000000000016000 	/System/Library/Frameworks/Accelerate.framework/Versions/A/Frameworks/vImage.framework/Versions/A/vImage
0x0000000000016000 	/System/Library/Frameworks/Accelerate.framework/Versions/A/Frameworks/vecLib.framework/Versions/A/vecLib
0x0000000000016000 	/System/Library/Frameworks/Accelerate.framework/Versions/A/Frameworks/vecLib.framework/Versions/A/libvMisc.dylib
0x0000000000016000 	/System/Library/Frameworks/Accelerate.framework/Versions/A/Frameworks/vecLib.framework/Versions/A/libvDSP.dylib
0x0000000000016000 	/System/Library/Frameworks/Accelerate.framework/Versions/A/Frameworks/vecLib.framework/Versions/A/libBLAS.dylib
0x0000000000016000 	/System/Library/Frameworks/Accelerate.framework/Versions/A/Frameworks/vecLib.framework/Versions/A/libLAPACK.dylib
0x0000000000016000 	/System/Library/Frameworks/Accelerate.framework/Versions/A/Frameworks/vecLib.framework/Versions/A/libLinearAlgebra.dylib
0x0000000000016000 	/System/Library/Frameworks/Accelerate.framework/Versions/A/Frameworks/vecLib.framework/Versions/A/libSparseBLAS.dylib
0x0000000000016000 	/System/Library/Frameworks/Accelerate.framework/Versions/A/Frameworks/vecLib.framework/Versions/A/libQuadrature.dylib
0x0000000000016000 	/System/Library/Frameworks/Accelerate.framework/Versions/A/Frameworks/vecLib.framework/Versions/A/libBNNS.dylib
0x0000000000016000 	/System/Library/Frameworks/Accelerate.framework/Versions/A/Frameworks/vecLib.framework/Versions/A/libSparse.dylib
0x0000000000016000 	/System/Library/Frameworks/MetalPerformanceShaders.framework/Versions/A/Frameworks/MPSCore.framework/Versions/A/MPSCore
0x0000000000016000 	/System/Library/Frameworks/MetalPerformanceShaders.framework/Versions/A/Frameworks/MPSImage.framework/Versions/A/MPSImage
0x0000000000016000 	/System/Library/Frameworks/MetalPerformanceShaders.framework/Versions/A/Frameworks/MPSNeuralNetwork.framework/Versions/A/MPSNeuralNetwork
0x0000000000016000 	/System/Library/Frameworks/MetalPerformanceShaders.framework/Versions/A/Frameworks/MPSMatrix.framework/Versions/A/MPSMatrix
0x0000000000016000 	/System/Library/Frameworks/MetalPerformanceShaders.framework/Versions/A/Frameworks/MPSRayIntersector.framework/Versions/A/MPSRayIntersector
0x0000000000016000 	/System/Library/Frameworks/MetalPerformanceShaders.framework/Versions/A/Frameworks/MPSNDArray.framework/Versions/A/MPSNDArray
0x0000000000016000 	/System/Library/PrivateFrameworks/MetalTools.framework/Versions/A/MetalTools
0x0000000000016000 	/System/Library/PrivateFrameworks/AggregateDictionary.framework/Versions/A/AggregateDictionary
0x0000000000016000 	/System/Library/PrivateFrameworks/CoreAnalytics.framework/Versions/A/CoreAnalytics
0x0000000000016000 	/System/Library/PrivateFrameworks/AppleSauce.framework/Versions/A/AppleSauce
0x0000000000016000 	/System/Library/PrivateFrameworks/IOAccelerator.framework/Versions/A/IOAccelerator
0x0000000000016000 	/System/Library/Frameworks/OpenGL.framework/Versions/A/Libraries/libCoreFSCache.dylib
0x0000000000016000 	/System/Library/PrivateFrameworks/LanguageModeling.framework/Versions/A/LanguageModeling
0x0000000000016000 	/System/Library/PrivateFrameworks/CoreEmoji.framework/Versions/A/CoreEmoji
0x0000000000016000 	/System/Library/PrivateFrameworks/LinguisticData.framework/Versions/A/LinguisticData
0x0000000000016000 	/System/Library/PrivateFrameworks/Lexicon.framework/Versions/A/Lexicon
0x0000000000016000 	/usr/lib/libcmph.dylib
0x0000000000016000 	/System/Library/Frameworks/OpenDirectory.framework/Versions/A/Frameworks/CFOpenDirectory.framework/Versions/A/CFOpenDirectory
0x0000000000016000 	/System/Library/Frameworks/OpenDirectory.framework/Versions/A/OpenDirectory
0x0000000000016000 	/System/Library/PrivateFrameworks/APFS.framework/Versions/A/APFS
0x0000000000016000 	/System/Library/Frameworks/SecurityFoundation.framework/Versions/A/SecurityFoundation
0x0000000000016000 	/usr/lib/libutil.dylib
0x0000000000016000 	/System/Library/PrivateFrameworks/CoreServicesStore.framework/Versions/A/CoreServicesStore
0x0000000000016000 	/System/Library/Frameworks/ServiceManagement.framework/Versions/A/ServiceManagement
0x0000000000016000 	/usr/lib/libxslt.1.dylib
0x0000000000016000 	/System/Library/PrivateFrameworks/BackgroundTaskManagement.framework/Versions/A/BackgroundTaskManagement
0x0000000000016000 	/System/Library/Frameworks/ImageIO.framework/Versions/A/Resources/libRadiance.dylib
0x0000000000016000 	/System/Library/Frameworks/ImageIO.framework/Versions/A/Resources/libJPEG.dylib
0x0000000000016000 	/System/Library/Frameworks/ImageIO.framework/Versions/A/Resources/libPng.dylib
0x0000000000016000 	/System/Library/Frameworks/ImageIO.framework/Versions/A/Resources/libTIFF.dylib
0x0000000000016000 	/System/Library/Frameworks/ImageIO.framework/Versions/A/Resources/libGIF.dylib
0x0000000000016000 	/System/Library/Frameworks/ImageIO.framework/Versions/A/Resources/libJP2.dylib
0x0000000000016000 	/usr/lib/libexpat.1.dylib
0x0000000000016000 	/System/Library/PrivateFrameworks/AppleJPEG.framework/Versions/A/AppleJPEG
0x0000000000016000 	/System/Library/PrivateFrameworks/FontServices.framework/libFontParser.dylib
0x0000000000016000 	/System/Library/PrivateFrameworks/RunningBoardServices.framework/Versions/A/RunningBoardServices
0x0000000000016000 	/System/Library/PrivateFrameworks/WatchdogClient.framework/Versions/A/WatchdogClient
0x0000000000016000 	/System/Library/Frameworks/CoreDisplay.framework/Versions/A/CoreDisplay
0x0000000000016000 	/System/Library/Frameworks/CoreMedia.framework/Versions/A/CoreMedia
0x0000000000016000 	/System/Library/Frameworks/CoreVideo.framework/Versions/A/CoreVideo
0x0000000000016000 	/System/Library/Frameworks/VideoToolbox.framework/Versions/A/VideoToolbox
0x0000000000016000 	/System/Library/PrivateFrameworks/BaseBoard.framework/Versions/A/BaseBoard
0x0000000000016000 	/System/Library/PrivateFrameworks/PersistentConnection.framework/Versions/A/PersistentConnection
0x0000000000016000 	/System/Library/PrivateFrameworks/ProtocolBuffer.framework/Versions/A/ProtocolBuffer
0x0000000000016000 	/System/Library/PrivateFrameworks/CommonUtilities.framework/Versions/A/CommonUtilities
0x0000000000016000 	/System/Library/PrivateFrameworks/Bom.framework/Versions/A/Bom
0x0000000000016000 	/System/Library/PrivateFrameworks/GPUWrangler.framework/Versions/A/GPUWrangler
0x0000000000016000 	/System/Library/PrivateFrameworks/IOPresentment.framework/Versions/A/IOPresentment
0x0000000000016000 	/System/Library/PrivateFrameworks/DSExternalDisplay.framework/Versions/A/DSExternalDisplay
0x0000000000016000 	/System/Library/PrivateFrameworks/CMCaptureCore.framework/Versions/A/CMCaptureCore
0x0000000000016000 	/System/Library/PrivateFrameworks/AppServerSupport.framework/Versions/A/AppServerSupport
0x0000000000016000 	/System/Library/PrivateFrameworks/perfdata.framework/Versions/A/perfdata
0x0000000000016000 	/System/Library/PrivateFrameworks/AssertionServices.framework/Versions/A/AssertionServices
0x0000000000016000 	/System/Library/PrivateFrameworks/AudioToolboxCore.framework/Versions/A/AudioToolboxCore
0x0000000000016000 	/System/Library/PrivateFrameworks/caulk.framework/Versions/A/caulk
0x0000000000016000 	/System/Library/PrivateFrameworks/SystemPolicy.framework/Versions/A/SystemPolicy
0x0000000000016000 	/usr/lib/libIOReport.dylib
0x0000000000016000 	/usr/lib/libSMC.dylib
0x0000000000016000 	/usr/lib/libAudioToolboxUtility.dylib
0x0000000000016000 	/usr/lib/libmis.dylib
0x0000000000016000 	/System/Library/Frameworks/OpenGL.framework/Versions/A/Libraries/libGLU.dylib
0x0000000000016000 	/System/Library/Frameworks/OpenGL.framework/Versions/A/Libraries/libGFXShared.dylib
0x0000000000016000 	/System/Library/Frameworks/OpenGL.framework/Versions/A/Libraries/libGL.dylib
0x0000000000016000 	/System/Library/Frameworks/OpenGL.framework/Versions/A/Libraries/libGLImage.dylib
0x0000000000016000 	/System/Library/Frameworks/OpenGL.framework/Versions/A/Libraries/libCVMSPluginSupport.dylib
0x0000000000016000 	/System/Library/Frameworks/OpenGL.framework/Versions/A/Libraries/libCoreVMClient.dylib
0x0000000000016000 	/System/Library/Frameworks/OpenCL.framework/Versions/A/OpenCL
0x0000000000016000 	/System/Library/PrivateFrameworks/GraphVisualizer.framework/Versions/A/GraphVisualizer
0x0000000000016000 	/System/Library/PrivateFrameworks/FaceCore.framework/Versions/A/FaceCore
0x0000000000016000 	/System/Library/PrivateFrameworks/OTSVG.framework/Versions/A/OTSVG
0x0000000000016000 	/System/Library/Frameworks/ApplicationServices.framework/Versions/A/Frameworks/ATS.framework/Versions/A/Resources/libFontRegistry.dylib
0x0000000000016000 	/System/Library/PrivateFrameworks/FontServices.framework/libhvf.dylib
0x0000000000016000 	/System/Library/PrivateFrameworks/AppleVA.framework/Versions/A/AppleVA
0x0000000000016000 	/System/Library/Frameworks/ApplicationServices.framework/Versions/A/Frameworks/ATS.framework/Versions/A/ATS
0x0000000000016000 	/System/Library/Frameworks/ApplicationServices.framework/Versions/A/Frameworks/ColorSyncLegacy.framework/Versions/A/ColorSyncLegacy
0x0000000000016000 	/System/Library/Frameworks/ApplicationServices.framework/Versions/A/Frameworks/HIServices.framework/Versions/A/HIServices
0x0000000000016000 	/System/Library/Frameworks/ApplicationServices.framework/Versions/A/Frameworks/LangAnalysis.framework/Versions/A/LangAnalysis
0x0000000000016000 	/System/Library/Frameworks/ApplicationServices.framework/Versions/A/Frameworks/PrintCore.framework/Versions/A/PrintCore
0x0000000000016000 	/System/Library/Frameworks/ApplicationServices.framework/Versions/A/Frameworks/QD.framework/Versions/A/QD
0x0000000000016000 	/System/Library/Frameworks/ApplicationServices.framework/Versions/A/Frameworks/SpeechSynthesis.framework/Versions/A/SpeechSynthesis
0x0000000000016000 	/System/Library/Frameworks/ApplicationServices.framework/Versions/A/Frameworks/ATSUI.framework/Versions/A/ATSUI
0x0000000000016000 	/usr/lib/libcups.2.dylib
0x0000000000016000 	/System/Library/PrivateFrameworks/NetAuth.framework/Versions/A/NetAuth
0x0000000000016000 	/System/Library/Frameworks/Kerberos.framework/Versions/A/Kerberos
0x0000000000016000 	/System/Library/Frameworks/GSS.framework/Versions/A/GSS
0x0000000000016000 	/usr/lib/libresolv.9.dylib
0x0000000000016000 	/System/Library/PrivateFrameworks/Heimdal.framework/Versions/A/Heimdal
0x0000000000016000 	/System/Library/Frameworks/Kerberos.framework/Versions/A/Libraries/libHeimdalProxy.dylib
0x0000000000016000 	/System/Library/Frameworks/Network.framework/Versions/A/Network
0x0000000000016000 	/usr/lib/libheimdal-asn1.dylib
0x0000000000016000 	/System/Library/PrivateFrameworks/CommonAuth.framework/Versions/A/CommonAuth
0x0000000000016000 	/System/Library/PrivateFrameworks/login.framework/Versions/A/Frameworks/loginsupport.framework/Versions/A/loginsupport
0x0000000000016000 	/System/Library/PrivateFrameworks/AudioSession.framework/Versions/A/AudioSession
0x0000000000016000 	/usr/lib/libAudioStatistics.dylib
0x0000000000016000 	/System/Library/PrivateFrameworks/MediaExperience.framework/Versions/A/MediaExperience
0x0000000000016000 	/System/Library/PrivateFrameworks/AudioSession.framework/libSessionUtility.dylib
0x0000000000016000 	/usr/lib/libperfcheck.dylib
0x0000000000016000 	/System/Library/PrivateFrameworks/AudioResourceArbitration.framework/Versions/A/AudioResourceArbitration
0x0000000000016000 	/System/Library/PrivateFrameworks/IconFoundation.framework/Versions/A/IconFoundation
0x0000000000016000 	/System/Library/PrivateFrameworks/SpeechRecognitionCore.framework/Versions/A/SpeechRecognitionCore
0x0000000107000000 	/Library/Java/JavaVirtualMachines/jdk1.8.0_151.jdk/Contents/Home/jre/lib/server/libjvm.dylib
0x0000000000016000 	/usr/lib/libstdc++.6.dylib
0x0000000104921000 	/Library/Java/JavaVirtualMachines/jdk1.8.0_151.jdk/Contents/Home/jre/lib/libverify.dylib
0x000000010492f000 	/Library/Java/JavaVirtualMachines/jdk1.8.0_151.jdk/Contents/Home/jre/lib/libjava.dylib
0x00000001049ae000 	/Library/Java/JavaVirtualMachines/jdk1.8.0_151.jdk/Contents/Home/jre/lib/libzip.dylib
0x0000000000016000 	/System/Library/Frameworks/JavaRuntimeSupport.framework/Versions/A/JavaRuntimeSupport
0x0000000000016000 	/System/Library/Frameworks/Carbon.framework/Versions/A/Carbon
0x0000000000016000 	/System/Library/PrivateFrameworks/CoreSymbolication.framework/Versions/A/CoreSymbolication
0x0000000000016000 	/System/Library/Frameworks/Carbon.framework/Versions/A/Frameworks/CommonPanels.framework/Versions/A/CommonPanels
0x0000000000016000 	/System/Library/Frameworks/Carbon.framework/Versions/A/Frameworks/Help.framework/Versions/A/Help
0x0000000000016000 	/System/Library/Frameworks/Carbon.framework/Versions/A/Frameworks/ImageCapture.framework/Versions/A/ImageCapture
0x0000000000016000 	/System/Library/Frameworks/Carbon.framework/Versions/A/Frameworks/OpenScripting.framework/Versions/A/OpenScripting
0x0000000000016000 	/System/Library/Frameworks/Carbon.framework/Versions/A/Frameworks/Ink.framework/Versions/A/Ink
0x0000000000016000 	/System/Library/Frameworks/Carbon.framework/Versions/A/Frameworks/Print.framework/Versions/A/Print
0x0000000000016000 	/System/Library/Frameworks/Carbon.framework/Versions/A/Frameworks/SecurityHI.framework/Versions/A/SecurityHI
0x0000000000016000 	/System/Library/PrivateFrameworks/DebugSymbols.framework/Versions/A/DebugSymbols
0x0000000108596000 	/Library/Java/JavaVirtualMachines/jdk1.8.0_151.jdk/Contents/Home/jre/lib/libawt.dylib
0x000000010863e000 	/Library/Java/JavaVirtualMachines/jdk1.8.0_151.jdk/Contents/Home/jre/lib/libmlib_image.dylib
0x0000000000016000 	/System/Library/Frameworks/JavaNativeFoundation.framework/Versions/A/JavaNativeFoundation
0x000000010870a000 	/Library/Java/JavaVirtualMachines/jdk1.8.0_151.jdk/Contents/Home/jre/lib/libawt_lwawt.dylib
0x00000001087c1000 	/Library/Java/JavaVirtualMachines/jdk1.8.0_151.jdk/Contents/Home/jre/lib/libosxapp.dylib
0x0000000000016000 	/System/Library/Frameworks/ExceptionHandling.framework/Versions/A/ExceptionHandling
0x0000000000016000 	/System/Library/PrivateFrameworks/CoreServicesInternal.framework/Versions/A/CoreServicesInternal
0x0000000000016000 	/System/Library/Frameworks/FileProvider.framework/Versions/A/FileProvider
0x0000000000016000 	/System/Library/Frameworks/Accounts.framework/Versions/A/Accounts
0x0000000000016000 	/System/Library/PrivateFrameworks/GenerationalStorage.framework/Versions/A/GenerationalStorage
0x0000000000016000 	/System/Library/PrivateFrameworks/SymptomDiagnosticReporter.framework/Versions/A/SymptomDiagnosticReporter
0x0000000000016000 	/System/Library/PrivateFrameworks/AppContainer.framework/Versions/A/AppContainer
0x0000000000016000 	/System/Library/PrivateFrameworks/DesktopServicesPriv.framework/Versions/A/DesktopServicesPriv
0x0000000000016000 	/usr/lib/libsandbox.1.dylib
0x0000000000016000 	/System/Library/PrivateFrameworks/UserManagement.framework/Versions/A/UserManagement
0x0000000000016000 	/System/Library/PrivateFrameworks/MobileKeyBag.framework/Versions/A/MobileKeyBag
0x0000000000016000 	/System/Library/PrivateFrameworks/ChunkingLibrary.framework/Versions/A/ChunkingLibrary
0x0000000000016000 	/System/Library/PrivateFrameworks/SecCodeWrapper.framework/Versions/A/SecCodeWrapper
0x0000000000016000 	/System/Library/PrivateFrameworks/CrashReporterSupport.framework/Versions/A/CrashReporterSupport
0x0000000000016000 	/System/Library/PrivateFrameworks/OSAnalytics.framework/Versions/A/OSAnalytics
0x0000000000016000 	/usr/lib/libRosetta.dylib
0x0000000000016000 	/System/Library/PrivateFrameworks/RemoteServiceDiscovery.framework/Versions/A/RemoteServiceDiscovery
0x0000000000016000 	/System/Library/PrivateFrameworks/Symbolication.framework/Versions/A/Symbolication
0x0000000000016000 	/System/Library/PrivateFrameworks/RemoteXPC.framework/Versions/A/RemoteXPC
0x0000000000016000 	/System/Library/PrivateFrameworks/OSAServicesClient.framework/Versions/A/OSAServicesClient
0x0000000000016000 	/System/Library/PrivateFrameworks/MallocStackLogging.framework/Versions/A/MallocStackLogging
0x0000000000016000 	/System/Library/PrivateFrameworks/Sharing.framework/Versions/A/Sharing
0x0000000000016000 	/System/Library/PrivateFrameworks/Apple80211.framework/Versions/A/Apple80211
0x0000000000016000 	/System/Library/PrivateFrameworks/AuthKit.framework/Versions/A/AuthKit
0x0000000000016000 	/System/Library/PrivateFrameworks/CoreUtils.framework/Versions/A/CoreUtils
0x0000000000016000 	/System/Library/Frameworks/CoreWLAN.framework/Versions/A/CoreWLAN
0x0000000000016000 	/System/Library/Frameworks/IOBluetooth.framework/Versions/A/IOBluetooth
0x0000000000016000 	/System/Library/PrivateFrameworks/CoreWiFi.framework/Versions/A/CoreWiFi
0x0000000000016000 	/System/Library/PrivateFrameworks/CorePhoneNumbers.framework/Versions/A/CorePhoneNumbers
0x0000000000016000 	/System/Library/PrivateFrameworks/DiskManagement.framework/Versions/A/DiskManagement
0x0000000000016000 	/System/Library/PrivateFrameworks/AppleIDAuthSupport.framework/Versions/A/AppleIDAuthSupport
0x0000000000016000 	/System/Library/PrivateFrameworks/KeychainCircle.framework/Versions/A/KeychainCircle
0x0000000000016000 	/System/Library/PrivateFrameworks/MediaKit.framework/Versions/A/MediaKit
0x0000000000016000 	/System/Library/Frameworks/DiscRecording.framework/Versions/A/DiscRecording
0x0000000000016000 	/usr/lib/libCoreStorage.dylib
0x0000000000016000 	/usr/lib/libcsfde.dylib
0x0000000000016000 	/System/Library/PrivateFrameworks/ProtectedCloudStorage.framework/Versions/A/ProtectedCloudStorage
0x0000000000016000 	/System/Library/PrivateFrameworks/EFILogin.framework/Versions/A/EFILogin
0x0000000000016000 	/System/Library/Frameworks/AudioUnit.framework/Versions/A/AudioUnit
0x0000000000016000 	/System/Library/Frameworks/CoreBluetooth.framework/Versions/A/CoreBluetooth
0x0000000000016000 	/usr/lib/libMatch.1.dylib
0x0000000000016000 	/System/Library/CoreServices/RawCamera.bundle/Contents/MacOS/RawCamera
0x0000000000016000 	/System/Library/PrivateFrameworks/MobileAsset.framework/Versions/A/MobileAsset
0x0000000000016000 	/System/Library/PrivateFrameworks/StreamingZip.framework/Versions/A/StreamingZip
0x0000000000016000 	/System/Library/Frameworks/MediaToolbox.framework/Versions/A/MediaToolbox
0x0000000000016000 	/System/Library/PrivateFrameworks/CoreAVCHD.framework/Versions/A/CoreAVCHD
0x0000000000016000 	/System/Library/Frameworks/MediaAccessibility.framework/Versions/A/MediaAccessibility
0x0000000000016000 	/System/Library/PrivateFrameworks/Mangrove.framework/Versions/A/Mangrove
0x0000000000016000 	/System/Library/PrivateFrameworks/AlgosScoreFramework.framework/Versions/A/AlgosScoreFramework
0x0000000000016000 	/System/Library/PrivateFrameworks/AppleVPA.framework/Versions/A/AppleVPA
0x0000000000016000 	/System/Library/PrivateFrameworks/CoreAUC.framework/Versions/A/CoreAUC
0x0000000000016000 	/System/Library/Frameworks/Accelerate.framework/Versions/A/Frameworks/vImage.framework/Versions/A/Libraries/libCGInterfaces.dylib
0x000000011d9dc000 	/usr/lib/libobjc-trampolines.dylib
0x0000000000016000 	/System/Library/PrivateFrameworks/FamilyControls.framework/Versions/A/FamilyControls
0x0000000000016000 	/System/Library/PrivateFrameworks/CommerceKit.framework/Versions/A/Frameworks/CommerceCore.framework/Versions/A/CommerceCore
0x0000000000016000 	/System/Library/PrivateFrameworks/SystemAdministration.framework/Versions/A/SystemAdministration
0x0000000000016000 	/System/Library/Frameworks/DirectoryService.framework/Versions/A/DirectoryService
0x0000000000016000 	/System/Library/PrivateFrameworks/DiskImages.framework/Versions/A/DiskImages
0x0000000000016000 	/System/Library/PrivateFrameworks/LoginUIKit.framework/Versions/A/Frameworks/LoginUICore.framework/Versions/A/LoginUICore
0x0000000000016000 	/usr/lib/libodfde.dylib
0x0000000000016000 	/usr/lib/libcurl.4.dylib
0x0000000000016000 	/usr/lib/libcrypto.44.dylib
0x0000000000016000 	/usr/lib/libssl.46.dylib
0x0000000000016000 	/System/Library/Frameworks/LDAP.framework/Versions/A/LDAP
0x0000000000016000 	/System/Library/PrivateFrameworks/TrustEvaluationAgent.framework/Versions/A/TrustEvaluationAgent
0x0000000000016000 	/usr/lib/libsasl2.2.dylib
0x0000000000016000 	/System/Library/PrivateFrameworks/CoreDaemon.framework/Versions/B/CoreDaemon
0x0000000000016000 	/System/Library/PrivateFrameworks/AppleSRP.framework/Versions/A/AppleSRP
0x0000000000016000 	/System/Library/PrivateFrameworks/ViewBridge.framework/Versions/A/ViewBridge
0x000000011fcc8000 	/Library/Java/JavaVirtualMachines/jdk1.8.0_151.jdk/Contents/Home/jre/lib/libfontmanager.dylib
0x0000000000016000 	/System/Library/Frameworks/OpenGL.framework/Versions/A/Resources/GLEngine.bundle/GLEngine
0x0000000000016000 	/System/Library/Frameworks/OpenGL.framework/Versions/A/Libraries/libGLProgrammability.dylib
0x0000000000016000 	/System/Library/Extensions/AppleIntelHD5000GraphicsGLDriver.bundle/Contents/MacOS/AppleIntelHD5000GraphicsGLDriver
0x0000000000016000 	/System/Library/PrivateFrameworks/GPUSupport.framework/Versions/A/Libraries/libGPUSupportMercury.dylib
0x0000000000016000 	/System/Library/Frameworks/OpenGL.framework/Versions/A/Resources/GLRendererFloat.bundle/GLRendererFloat
0x0000000000016000 	/System/Library/PrivateFrameworks/login.framework/Versions/A/login
0x00000001206f0000 	/Library/Java/JavaVirtualMachines/jdk1.8.0_151.jdk/Contents/Home/jre/lib/libosxui.dylib
0x00000001206f9000 	/Library/Java/JavaVirtualMachines/jdk1.8.0_151.jdk/Contents/Home/jre/lib/libosx.dylib
0x0000000121459000 	/Library/Java/JavaVirtualMachines/jdk1.8.0_151.jdk/Contents/Home/jre/lib/libnet.dylib
0x000000012126e000 	/Library/Java/JavaVirtualMachines/jdk1.8.0_151.jdk/Contents/Home/jre/lib/libnio.dylib
0x0000000000016000 	/System/Library/Extensions/AppleIntelHD5000GraphicsMTLDriver.bundle/Contents/MacOS/AppleIntelHD5000GraphicsMTLDriver
0x0000000000016000 	/System/Library/PrivateFrameworks/GPURawCounter.framework/Versions/A/GPURawCounter
0x0000000000016000 	/System/Library/PrivateFrameworks/GPUCompiler.framework/Versions/31001/Libraries/libmetal_timestamp.dylib
0x0000000120908000 	/Users/christiankasel/Desktop/final-project-csc321-fa2020/PuzzleProject/libbulletjme.dylib
0x0000000152e1c000 	/Users/christiankasel/Desktop/final-project-csc321-fa2020/PuzzleProject/libopenal.dylib
0x0000000152e78000 	/Users/christiankasel/Desktop/final-project-csc321-fa2020/PuzzleProject/liblwjgl.dylib
0x0000000120b51000 	/Library/Java/JavaVirtualMachines/jdk1.8.0_151.jdk/Contents/Home/jre/lib/libjawt.dylib

VM Arguments:
jvm_args: -Dfile.encoding=UTF-8 
java_command: mygame.PuzzleProject
java_class_path (initial): /Users/christiankasel/NetBeansProjects/jME3.3.2-stable/lib/core.jar:/Users/christiankasel/NetBeansProjects/jME3.3.2-stable/lib/dense64.jar:/Users/christiankasel/NetBeansProjects/jME3.3.2-stable/lib/denseC64.jar:/Users/christiankasel/NetBeansProjects/jME3.3.2-stable/lib/gluegen-rt-main.jar:/Users/christiankasel/NetBeansProjects/jME3.3.2-stable/lib/gluegen-rt-natives-android-aarch64.jar:/Users/christiankasel/NetBeansProjects/jME3.3.2-stable/lib/gluegen-rt-natives-android-armv6.jar:/Users/christiankasel/NetBeansProjects/jME3.3.2-stable/lib/gluegen-rt-natives-linux-amd64.jar:/Users/christiankasel/NetBeansProjects/jME3.3.2-stable/lib/gluegen-rt-natives-linux-armv6.jar:/Users/christiankasel/NetBeansProjects/jME3.3.2-stable/lib/gluegen-rt-natives-linux-armv6hf.jar:/Users/christiankasel/NetBeansProjects/jME3.3.2-stable/lib/gluegen-rt-natives-linux-i586.jar:/Users/christiankasel/NetBeansProjects/jME3.3.2-stable/lib/gluegen-rt-natives-macosx-universal.jar:/Users/christiankasel/NetBeansProjects/jME3.3.2-stable/lib/gluegen-rt-natives-solaris-amd64.jar:/Users/christiankasel/NetBeansProjects/jME3.3.2-stable/lib/gluegen-rt-natives-solaris-i586.jar:/Users/christiankasel/NetBeansProjects/jME3.3.2-stable/lib/gluegen-rt-natives-windows-amd64.jar:/Users/christiankasel/NetBeansProjects/jME3.3.2-stable/lib/gluegen-rt-natives-windows-i586.jar:/Users/christiankasel/NetBeansProjects/jME3.3.2-stable/lib/gluegen-rt.jar:/Users/christiankasel/NetBeansProjects/jME3.3.2-stable/lib/gson.jar:/Users/christiankasel/NetBeansProjects/jME3.3.2-stable/lib/j-ogg-all.jar:/Users/christiankasel/NetBeansProjects/jME3.3.2-stable/lib/jinput-platform-natives-linux.jar:/Users/christiankasel/NetBeansProjects/jME3.3.2-stable/lib/jinput-platform-natives-osx.jar:/Users/christiankasel/NetBeansProjects/jME3.3.2-stable/lib/jinput-platform-natives-windows.jar:/Users/christiankasel/NetBeansProjects/jME3.3.2-stable/lib/jinput.jar:/Users/christiankasel/NetBeansProjects/jME3.3.2-stable/lib/jme3-b
Launcher Type: SUN_STANDARD

Environment Variables:
PATH=/usr/bin:/bin:/usr/sbin:/sbin
LD_LIBRARY_PATH=/Library/Java/JavaVirtualMachines/jdk1.8.0_151.jdk/Contents/Home/jre/lib/amd64:/Library/Java/JavaVirtualMachines/jdk1.8.0_151.jdk/Contents/Home/jre/lib/i386:
SHELL=/bin/bash

Signal Handlers:
SIGSEGV: [libjvm.dylib+0x5b27a5], sa_mask[0]=11111111011111110111111111111111, sa_flags=SA_ONSTACK|SA_RESTART|SA_SIGINFO
SIGBUS: [libjvm.dylib+0x5b27a5], sa_mask[0]=11111111011111110111111111111111, sa_flags=SA_RESTART|SA_SIGINFO
SIGFPE: [libjvm.dylib+0x4891c4], sa_mask[0]=11111111011111110111111111111111, sa_flags=SA_RESTART|SA_SIGINFO
SIGPIPE: [libjvm.dylib+0x4891c4], sa_mask[0]=11111111011111110111111111111111, sa_flags=SA_RESTART|SA_SIGINFO
SIGXFSZ: [libjvm.dylib+0x4891c4], sa_mask[0]=11111111011111110111111111111111, sa_flags=SA_RESTART|SA_SIGINFO
SIGILL: [libjvm.dylib+0x4891c4], sa_mask[0]=11111111011111110111111111111111, sa_flags=SA_RESTART|SA_SIGINFO
SIGUSR1: SIG_DFL, sa_mask[0]=00000000000000000000000000000000, sa_flags=none
SIGUSR2: [libjvm.dylib+0x488ce2], sa_mask[0]=00100000000000000000000000000000, sa_flags=SA_RESTART|SA_SIGINFO
SIGHUP: [libjvm.dylib+0x4872b9], sa_mask[0]=11111111011111110111111111111111, sa_flags=SA_RESTART|SA_SIGINFO
SIGINT: SIG_IGN, sa_mask[0]=00000000000000000000000000000000, sa_flags=none
SIGTERM: [libjvm.dylib+0x4872b9], sa_mask[0]=11111111011111110111111111111111, sa_flags=SA_RESTART|SA_SIGINFO
SIGQUIT: [libjvm.dylib+0x4872b9], sa_mask[0]=11111111011111110111111111111111, sa_flags=SA_RESTART|SA_SIGINFO


---------------  S Y S T E M  ---------------

OS:Bsduname:Darwin 20.1.0 Darwin Kernel Version 20.1.0: Sat Oct 31 00:07:11 PDT 2020; root:xnu-7195.50.7~2/RELEASE_X86_64 x86_64
rlimit: STACK 8192k, CORE 0k, NPROC 1392, NOFILE 10240, AS infinity
load average:2.16 2.53 2.67

CPU:total 4 (initial active 4) (2 cores per cpu, 2 threads per core) family 6 model 69 stepping 1, cmov, cx8, fxsr, mmx, sse, sse2, sse3, ssse3, sse4.1, sse4.2, popcnt, avx, avx2, aes, clmul, erms, lzcnt, ht, tsc, tscinvbit, bmi1, bmi2

Memory: 4k page, physical 4194304k(46564k free)

/proc/meminfo:


vm_info: Java HotSpot(TM) 64-Bit Server VM (25.151-b12) for bsd-amd64 JRE (1.8.0_151-b12), built on Sep  5 2017 19:37:08 by "java_re" with gcc 4.2.1 (Based on Apple Inc. build 5658) (LLVM build 2336.11.00)

time: Wed Dec  9 21:52:29 2020
elapsed time: 5 seconds (0d 0h 0m 5s)

